<?xml version="1.0" encoding="utf-8"?>
<Dataset xsi:schemaLocation="http://fgd.gsi.go.jp/spec/2008/FGD_GMLSchema FGD_GMLSchema.xsd"
	xmlns:gml="http://www.opengis.net/gml/3.2"
	xmlns:xsi="http://www.w3.org/2001/XMLSchema-instance"
	xmlns:xlink="http://www.w3.org/1999/xlink"
	xmlns="http://fgd.gsi.go.jp/spec/2008/FGD_GMLSchema"
	gml:id="Dataset1">
  <gml:description>基盤地図情報メタデータ ID=fmdid:21-0701</gml:description>
  <gml:name>基盤地図情報ダウンロードデータ（GML版）</gml:name>
<AdmArea gml:id="K4_503032_1">
<fid>503032-40135-a-1-20210603</fid>
<lfSpanFr gml:id="K4_503032_1-1">
<gml:timePosition>2021-06-03</gml:timePosition>
</lfSpanFr>
<devDate gml:id="K4_503032_1-2">
<gml:timePosition>2021-06-03</gml:timePosition>
</devDate>
<orgGILvl>25000</orgGILvl>
<vis>表示</vis>
<area>
<gml:Surface gml:id="K4_503032_1-g" srsName="fguuid:jgd2011.bl">
<gml:patches>
<gml:PolygonPatch>
<gml:exterior>
<gml:Ring>
<gml:curveMember>
<gml:Curve gml:id="K4_503032_1-3">
<gml:segments>
<gml:LineStringSegment>
<gml:posList>
33.595850748 130.265848586
33.595071198 130.266291440
33.595078054 130.266310246
33.595857613 130.265867393
33.595850748 130.265848586
</gml:posList>
</gml:LineStringSegment>
</gml:segments>
</gml:Curve>
</gml:curveMember>
</gml:Ring>
</gml:exterior>
</gml:PolygonPatch>
</gml:patches>
</gml:Surface>
</area>
<type>町村・指定都市の区</type>
<name>福岡市西区</name>
<admCode>40135</admCode>
</AdmArea>
<AdmArea gml:id="K4_503032_2">
<fid>503032-40135-a-2-20210603</fid>
<lfSpanFr gml:id="K4_503032_2-1">
<gml:timePosition>2021-06-03</gml:timePosition>
</lfSpanFr>
<devDate gml:id="K4_503032_2-2">
<gml:timePosition>2021-06-03</gml:timePosition>
</devDate>
<orgGILvl>25000</orgGILvl>
<vis>表示</vis>
<area>
<gml:Surface gml:id="K4_503032_2-g" srsName="fguuid:jgd2011.bl">
<gml:patches>
<gml:PolygonPatch>
<gml:exterior>
<gml:Ring>
<gml:curveMember>
<gml:Curve gml:id="K4_503032_2-3">
<gml:segments>
<gml:LineStringSegment>
<gml:posList>
33.594508441 130.264374864
33.594455495 130.264355811
33.594441225 130.264412387
33.594494162 130.264431336
33.594508441 130.264374864
</gml:posList>
</gml:LineStringSegment>
</gml:segments>
</gml:Curve>
</gml:curveMember>
</gml:Ring>
</gml:exterior>
</gml:PolygonPatch>
</gml:patches>
</gml:Surface>
</area>
<type>町村・指定都市の区</type>
<name>福岡市西区</name>
<admCode>40135</admCode>
</AdmArea>
<AdmArea gml:id="K4_503032_3">
<fid>503032-40135-a-3-20210603</fid>
<lfSpanFr gml:id="K4_503032_3-1">
<gml:timePosition>2021-06-03</gml:timePosition>
</lfSpanFr>
<devDate gml:id="K4_503032_3-2">
<gml:timePosition>2021-06-03</gml:timePosition>
</devDate>
<orgGILvl>25000</orgGILvl>
<vis>表示</vis>
<area>
<gml:Surface gml:id="K4_503032_3-g" srsName="fguuid:jgd2011.bl">
<gml:patches>
<gml:PolygonPatch>
<gml:exterior>
<gml:Ring>
<gml:curveMember>
<gml:Curve gml:id="K4_503032_3-3">
<gml:segments>
<gml:LineStringSegment>
<gml:posList>
33.612822333 130.265861440
33.612817748 130.265849364
33.612805892 130.265842724
33.612800802 130.265844773
33.612802468 130.265840726
33.612796802 130.265835357
33.612790081 130.265838106
33.612786694 130.265840830
33.612783360 130.265846939
33.612779387 130.265844942
33.612773748 130.265842283
33.612770946 130.265843671
33.612764775 130.265847756
33.612764775 130.265852477
33.612763667 130.265855162
33.612755225 130.265853891
33.612755225 130.265856589
33.612748532 130.265866744
33.612748559 130.265872802
33.612749721 130.265878197
33.612751973 130.265880895
33.612758306 130.265901051
33.612762829 130.265905720
33.612769640 130.265915110
33.612776414 130.265915720
33.612778054 130.265906939
33.612782495 130.265898171
33.612786468 130.265902866
33.612792694 130.265904137
33.612792640 130.265894721
33.612794829 130.265885940
33.612801054 130.265886550
33.612815108 130.265883087
33.612816225 130.265880389
33.612821252 130.265870895
33.612815613 130.265866913
33.612822333 130.265861440
</gml:posList>
</gml:LineStringSegment>
</gml:segments>
</gml:Curve>
</gml:curveMember>
</gml:Ring>
</gml:exterior>
</gml:PolygonPatch>
</gml:patches>
</gml:Surface>
</area>
<type>町村・指定都市の区</type>
<name>福岡市東区</name>
<admCode>40131</admCode>
</AdmArea>
</Dataset>
